D:\CG\SOURCECODE\ELOAMPRINT\ELOAMPRINT\DEBUG\ELOAMPRINT.EXE.INTERMEDIATE.MANIFEST
D:\CG\SOURCECODE\ELOAMPRINT\ELOAMPRINT\DEBUG\ELOAMPRINT.OBJ
D:\CG\SOURCECODE\ELOAMPRINT\ELOAMPRINT\DEBUG\ELOAMPRINT.RES
D:\CG\SOURCECODE\ELOAMPRINT\ELOAMPRINT\DEBUG\LANGUAGE.OBJ
D:\CG\SOURCECODE\ELOAMPRINT\ELOAMPRINT\DEBUG\MAIN.OBJ
D:\CG\SOURCECODE\ELOAMPRINT\ELOAMPRINT\DEBUG\MOC_ELOAMPRINT.OBJ
D:\CG\SOURCECODE\ELOAMPRINT\ELOAMPRINT\DEBUG\QRC_ELOAMPRINT.OBJ
D:\CG\SOURCECODE\ELOAMPRINT\ELOAMPRINT\DEBUG\TINYSTR.OBJ
D:\CG\SOURCECODE\ELOAMPRINT\ELOAMPRINT\DEBUG\TINYXML.OBJ
D:\CG\SOURCECODE\ELOAMPRINT\ELOAMPRINT\DEBUG\TINYXMLERROR.OBJ
D:\CG\SOURCECODE\ELOAMPRINT\ELOAMPRINT\DEBUG\TINYXMLPARSER.OBJ
D:\CG\SOURCECODE\ELOAMPRINT\ELOAMPRINT\DEBUG\VC100.PDB
D:\CG\SOURCECODE\ELOAMPRINT\ELOAMPRINT\GENERATEDFILES\DEBUG\MOC_ELOAMPRINT.CPP
D:\CG\SOURCECODE\ELOAMPRINT\ELOAMPRINT\GENERATEDFILES\QRC_ELOAMPRINT.CPP
D:\CG\SOURCECODE\ELOAMPRINT\ELOAMPRINT\GENERATEDFILES\UI_ELOAMPRINT.H
D:\CG\SOURCECODE\ELOAMPRINT\ELOAMPRINT\GENERATEDFILES\UI_PRINTCONFIGDLG.H
D:\CG\SOURCECODE\ELOAMPRINT\WIN32\DEBUG\ELOAMPRINT.EXE
D:\CG\SOURCECODE\ELOAMPRINT\WIN32\DEBUG\ELOAMPRINT.PDB
D:\WORK SPACE\SOURCECODE\ELOAMPRINT\ELOAMPRINT\DEBUG\ELOAMPRINT.EXE.INTERMEDIATE.MANIFEST
D:\WORK SPACE\SOURCECODE\ELOAMPRINT\ELOAMPRINT\DEBUG\ELOAMPRINT.OBJ
D:\WORK SPACE\SOURCECODE\ELOAMPRINT\ELOAMPRINT\DEBUG\ELOAMPRINT.RES
D:\WORK SPACE\SOURCECODE\ELOAMPRINT\ELOAMPRINT\DEBUG\LANGUAGE.OBJ
D:\WORK SPACE\SOURCECODE\ELOAMPRINT\ELOAMPRINT\DEBUG\MAIN.OBJ
D:\WORK SPACE\SOURCECODE\ELOAMPRINT\ELOAMPRINT\DEBUG\MOC_ELOAMPRINT.OBJ
D:\WORK SPACE\SOURCECODE\ELOAMPRINT\ELOAMPRINT\DEBUG\QRC_ELOAMPRINT.OBJ
D:\WORK SPACE\SOURCECODE\ELOAMPRINT\ELOAMPRINT\DEBUG\TINYSTR.OBJ
D:\WORK SPACE\SOURCECODE\ELOAMPRINT\ELOAMPRINT\DEBUG\TINYXML.OBJ
D:\WORK SPACE\SOURCECODE\ELOAMPRINT\ELOAMPRINT\DEBUG\TINYXMLERROR.OBJ
D:\WORK SPACE\SOURCECODE\ELOAMPRINT\ELOAMPRINT\DEBUG\TINYXMLPARSER.OBJ
D:\WORK SPACE\SOURCECODE\ELOAMPRINT\ELOAMPRINT\DEBUG\VC100.PDB
D:\WORK SPACE\SOURCECODE\ELOAMPRINT\ELOAMPRINT\GENERATEDFILES\DEBUG\MOC_ELOAMPRINT.CPP
D:\WORK SPACE\SOURCECODE\ELOAMPRINT\ELOAMPRINT\GENERATEDFILES\QRC_ELOAMPRINT.CPP
D:\WORK SPACE\SOURCECODE\ELOAMPRINT\ELOAMPRINT\GENERATEDFILES\UI_ELOAMPRINT.H
D:\WORK SPACE\SOURCECODE\ELOAMPRINT\ELOAMPRINT\GENERATEDFILES\UI_PRINTCONFIGDLG.H
D:\WORK SPACE\SOURCECODE\ELOAMPRINT\WIN32\DEBUG\ELOAMPRINT.EXE
D:\WORK SPACE\SOURCECODE\ELOAMPRINT\WIN32\DEBUG\ELOAMPRINT.PDB
E:\work\EloamPrint\EloamPrint\EloamPrint\Debug\cl.command.1.tlog
E:\work\EloamPrint\EloamPrint\EloamPrint\Debug\CL.read.1.tlog
E:\work\EloamPrint\EloamPrint\EloamPrint\Debug\CL.write.1.tlog
E:\work\EloamPrint\EloamPrint\EloamPrint\Debug\custombuild.command.1.tlog
E:\work\EloamPrint\EloamPrint\EloamPrint\Debug\custombuild.read.1.tlog
E:\work\EloamPrint\EloamPrint\EloamPrint\Debug\custombuild.write.1.tlog
E:\work\EloamPrint\EloamPrint\EloamPrint\Debug\EloamPrint.exe.intermediate.manifest
E:\work\EloamPrint\EloamPrint\EloamPrint\Debug\eloamprint.obj
E:\work\EloamPrint\EloamPrint\EloamPrint\Debug\EloamPrint.res
E:\work\EloamPrint\EloamPrint\EloamPrint\Debug\EloamPrint.vcxprojResolveAssemblyReference.cache
E:\work\EloamPrint\EloamPrint\EloamPrint\Debug\EloamPrint.write.1.tlog
E:\work\EloamPrint\EloamPrint\EloamPrint\Debug\language.obj
E:\work\EloamPrint\EloamPrint\EloamPrint\Debug\link.command.1.tlog
E:\work\EloamPrint\EloamPrint\EloamPrint\Debug\link.read.1.tlog
E:\work\EloamPrint\EloamPrint\EloamPrint\Debug\link.write.1.tlog
E:\work\EloamPrint\EloamPrint\EloamPrint\Debug\link-cvtres.read.1.tlog
E:\work\EloamPrint\EloamPrint\EloamPrint\Debug\link-cvtres.write.1.tlog
E:\work\EloamPrint\EloamPrint\EloamPrint\Debug\main.obj
E:\work\EloamPrint\EloamPrint\EloamPrint\Debug\moc_eloamprint.obj
E:\work\EloamPrint\EloamPrint\EloamPrint\Debug\mt.command.1.tlog
E:\work\EloamPrint\EloamPrint\EloamPrint\Debug\mt.read.1.tlog
E:\work\EloamPrint\EloamPrint\EloamPrint\Debug\mt.write.1.tlog
E:\work\EloamPrint\EloamPrint\EloamPrint\Debug\qrc_eloamprint.obj
E:\work\EloamPrint\EloamPrint\EloamPrint\Debug\rc.command.1.tlog
E:\work\EloamPrint\EloamPrint\EloamPrint\Debug\rc.read.1.tlog
E:\work\EloamPrint\EloamPrint\EloamPrint\Debug\rc.write.1.tlog
E:\work\EloamPrint\EloamPrint\EloamPrint\Debug\tinystr.obj
E:\work\EloamPrint\EloamPrint\EloamPrint\Debug\tinyxml.obj
E:\work\EloamPrint\EloamPrint\EloamPrint\Debug\tinyxmlerror.obj
E:\work\EloamPrint\EloamPrint\EloamPrint\Debug\tinyxmlparser.obj
E:\work\EloamPrint\EloamPrint\EloamPrint\Debug\vc100.pdb
E:\work\EloamPrint\EloamPrint\Win32\Debug\EloamPrint.exe
E:\work\EloamPrint\EloamPrint\Win32\Debug\EloamPrint.pdb
