生成启动时间为 2018/3/30 16:35:21。
     1>项目“E:\work\EloamPrint\EloamPrint\EloamPrint.vcxproj”在节点 2 上(build 个目标)。
     1>InitializeBuildStatus:
         正在创建“Debug\EloamPrint.unsuccessfulbuild”，因为已指定“AlwaysCreate”。
       CustomBuild:
         所有输出均为最新。
       ClCompile:
         所有输出均为最新。
         所有输出均为最新。
       ResourceCompile:
         所有输出均为最新。
       Link:
         所有输出均为最新。
         EloamPrint.vcxproj -> E:\work\EloamPrint\Win32\Debug\EloamPrint.exe
       FinalizeBuildStatus:
         正在删除文件“Debug\EloamPrint.unsuccessfulbuild”。
         正在对“Debug\EloamPrint.lastbuildstate”执行 Touch 任务。
     1>已完成生成项目“E:\work\EloamPrint\EloamPrint\EloamPrint.vcxproj”(build 个目标)的操作。

生成成功。

已用时间 00:00:00.09
