D:\CG\SOURCECODE\ELOAMPRINT\ELOAMPRINT\GENERATEDFILES\QRC_ELOAMPRINT.CPP
D:\CG\SOURCECODE\ELOAMPRINT\ELOAMPRINT\GENERATEDFILES\RELEASE\MOC_ELOAMPRINT.CPP
D:\CG\SOURCECODE\ELOAMPRINT\ELOAMPRINT\GENERATEDFILES\UI_ELOAMPRINT.H
D:\CG\SOURCECODE\ELOAMPRINT\ELOAMPRINT\GENERATEDFILES\UI_PRINTCONFIGDLG.H
D:\cg\SourceCode\EloamPrint\EloamPrint\Release\cl.command.1.tlog
D:\cg\SourceCode\EloamPrint\EloamPrint\Release\CL.read.1.tlog
D:\cg\SourceCode\EloamPrint\EloamPrint\Release\CL.write.1.tlog
D:\cg\SourceCode\EloamPrint\EloamPrint\Release\custombuild.command.1.tlog
D:\cg\SourceCode\EloamPrint\EloamPrint\Release\custombuild.read.1.tlog
D:\cg\SourceCode\EloamPrint\EloamPrint\Release\custombuild.write.1.tlog
D:\CG\SOURCECODE\ELOAMPRINT\ELOAMPRINT\RELEASE\ELOAMPRINT.EXE.INTERMEDIATE.MANIFEST
D:\CG\SOURCECODE\ELOAMPRINT\ELOAMPRINT\RELEASE\ELOAMPRINT.OBJ
D:\CG\SOURCECODE\ELOAMPRINT\ELOAMPRINT\RELEASE\ELOAMPRINT.RES
D:\cg\SourceCode\EloamPrint\EloamPrint\Release\EloamPrint.vcxprojResolveAssemblyReference.cache
D:\cg\SourceCode\EloamPrint\EloamPrint\Release\EloamPrint.write.1.tlog
D:\CG\SOURCECODE\ELOAMPRINT\ELOAMPRINT\RELEASE\LANGUAGE.OBJ
D:\cg\SourceCode\EloamPrint\EloamPrint\Release\link.command.1.tlog
D:\cg\SourceCode\EloamPrint\EloamPrint\Release\link.read.1.tlog
D:\cg\SourceCode\EloamPrint\EloamPrint\Release\link.write.1.tlog
D:\cg\SourceCode\EloamPrint\EloamPrint\Release\link-cvtres.read.1.tlog
D:\cg\SourceCode\EloamPrint\EloamPrint\Release\link-cvtres.write.1.tlog
D:\CG\SOURCECODE\ELOAMPRINT\ELOAMPRINT\RELEASE\MAIN.OBJ
D:\CG\SOURCECODE\ELOAMPRINT\ELOAMPRINT\RELEASE\MOC_ELOAMPRINT.OBJ
D:\cg\SourceCode\EloamPrint\EloamPrint\Release\mt.command.1.tlog
D:\cg\SourceCode\EloamPrint\EloamPrint\Release\mt.read.1.tlog
D:\cg\SourceCode\EloamPrint\EloamPrint\Release\mt.write.1.tlog
D:\CG\SOURCECODE\ELOAMPRINT\ELOAMPRINT\RELEASE\QRC_ELOAMPRINT.OBJ
D:\cg\SourceCode\EloamPrint\EloamPrint\Release\rc.command.1.tlog
D:\cg\SourceCode\EloamPrint\EloamPrint\Release\rc.read.1.tlog
D:\cg\SourceCode\EloamPrint\EloamPrint\Release\rc.write.1.tlog
D:\CG\SOURCECODE\ELOAMPRINT\ELOAMPRINT\RELEASE\TINYSTR.OBJ
D:\CG\SOURCECODE\ELOAMPRINT\ELOAMPRINT\RELEASE\TINYXML.OBJ
D:\CG\SOURCECODE\ELOAMPRINT\ELOAMPRINT\RELEASE\TINYXMLERROR.OBJ
D:\CG\SOURCECODE\ELOAMPRINT\ELOAMPRINT\RELEASE\TINYXMLPARSER.OBJ
D:\CG\SOURCECODE\ELOAMPRINT\WIN32\RELEASE\ELOAMPRINT.EXE
